{"level":"\u001b[32minfo\u001b[39m","message":"{\"method\":\"GET\",\"url\":\"/api/v1/user/get/userdetails\",\"status\":\"200\",\"responseTime\":\"285.351\"}","timestamp":"2024-11-17T12:36:48.314Z"}
{"level":"\u001b[32minfo\u001b[39m","message":"{\"method\":\"GET\",\"url\":\"/api/v1/user/get/userdetails\",\"status\":\"304\",\"responseTime\":\"409.254\"}","timestamp":"2024-11-17T12:36:48.735Z"}
{"level":"\u001b[32minfo\u001b[39m","message":"{\"method\":\"GET\",\"url\":\"/api/v1/user/get/userdetails\",\"status\":\"304\",\"responseTime\":\"217.469\"}","timestamp":"2024-11-17T12:37:33.804Z"}
{"level":"\u001b[32minfo\u001b[39m","message":"{\"method\":\"GET\",\"url\":\"/api/v1/user/get/userdetails\",\"status\":\"304\",\"responseTime\":\"206.699\"}","timestamp":"2024-11-17T12:37:34.019Z"}
{"level":"\u001b[32minfo\u001b[39m","message":"{\"method\":\"GET\",\"url\":\"/api/v1/user/get/userdetails\",\"status\":\"304\",\"responseTime\":\"376.577\"}","timestamp":"2024-11-17T12:38:05.318Z"}
{"level":"\u001b[32minfo\u001b[39m","message":"{\"method\":\"GET\",\"url\":\"/api/v1/user/get/userdetails\",\"status\":\"304\",\"responseTime\":\"296.111\"}","timestamp":"2024-11-17T12:38:05.620Z"}
{"level":"\u001b[32minfo\u001b[39m","message":"{\"method\":\"POST\",\"url\":\"/api/v1/auth/login\",\"status\":\"200\",\"responseTime\":\"397.024\"}","timestamp":"2024-11-17T12:39:07.920Z"}
{"level":"\u001b[32minfo\u001b[39m","message":"{\"method\":\"GET\",\"url\":\"/api/v1/user/get/userdetails\",\"status\":\"200\",\"responseTime\":\"251.953\"}","timestamp":"2024-11-17T12:39:10.250Z"}
{"level":"\u001b[32minfo\u001b[39m","message":"{\"method\":\"GET\",\"url\":\"/api/v1/user/get/userdetails\",\"status\":\"304\",\"responseTime\":\"217.165\"}","timestamp":"2024-11-17T12:39:10.475Z"}
{"level":"\u001b[32minfo\u001b[39m","message":"{\"method\":\"GET\",\"url\":\"/api/v1/user/get/userdetails\",\"status\":\"304\",\"responseTime\":\"204.544\"}","timestamp":"2024-11-17T12:39:37.382Z"}
{"level":"\u001b[32minfo\u001b[39m","message":"{\"method\":\"GET\",\"url\":\"/api/v1/user/get/userdetails\",\"status\":\"304\",\"responseTime\":\"283.963\"}","timestamp":"2024-11-17T12:39:37.676Z"}
{"level":"\u001b[32minfo\u001b[39m","message":"{\"method\":\"GET\",\"url\":\"/api/v1/user/get/userdetails\",\"status\":\"304\",\"responseTime\":\"300.770\"}","timestamp":"2024-11-17T12:39:47.466Z"}
{"level":"\u001b[32minfo\u001b[39m","message":"{\"method\":\"GET\",\"url\":\"/api/v1/user/get/userdetails\",\"status\":\"304\",\"responseTime\":\"207.028\"}","timestamp":"2024-11-17T12:39:47.676Z"}
{"level":"\u001b[32minfo\u001b[39m","message":"{\"method\":\"GET\",\"url\":\"/api/v1/user/get/userdetails\",\"status\":\"304\",\"responseTime\":\"210.636\"}","timestamp":"2024-11-17T12:40:15.534Z"}
{"level":"\u001b[32minfo\u001b[39m","message":"{\"method\":\"GET\",\"url\":\"/api/v1/user/get/userdetails\",\"status\":\"304\",\"responseTime\":\"330.322\"}","timestamp":"2024-11-17T12:40:15.870Z"}
{"level":"\u001b[32minfo\u001b[39m","message":"{\"method\":\"GET\",\"url\":\"/api/v1/user/get/userdetails\",\"status\":\"304\",\"responseTime\":\"242.798\"}","timestamp":"2024-11-17T12:40:26.489Z"}
{"level":"\u001b[32minfo\u001b[39m","message":"{\"method\":\"GET\",\"url\":\"/api/v1/user/get/userdetails\",\"status\":\"304\",\"responseTime\":\"203.151\"}","timestamp":"2024-11-17T12:40:26.711Z"}
{"level":"\u001b[32minfo\u001b[39m","message":"{\"method\":\"GET\",\"url\":\"/api/v1/user/get/userdetails\",\"status\":\"304\",\"responseTime\":\"204.606\"}","timestamp":"2024-11-17T12:41:23.420Z"}
{"level":"\u001b[32minfo\u001b[39m","message":"{\"method\":\"GET\",\"url\":\"/api/v1/get/problems\",\"status\":\"200\",\"responseTime\":\"96.273\"}","timestamp":"2024-11-17T12:41:23.619Z"}
{"level":"\u001b[32minfo\u001b[39m","message":"{\"method\":\"GET\",\"url\":\"/api/v1/user/get/userdetails\",\"status\":\"304\",\"responseTime\":\"213.293\"}","timestamp":"2024-11-17T12:41:23.639Z"}
{"level":"\u001b[32minfo\u001b[39m","message":"{\"method\":\"GET\",\"url\":\"/api/v1/get/problems\",\"status\":\"304\",\"responseTime\":\"111.852\"}","timestamp":"2024-11-17T12:41:23.755Z"}
{"level":"\u001b[32minfo\u001b[39m","message":"{\"method\":\"GET\",\"url\":\"/api/v1/user/get/userdetails\",\"status\":\"304\",\"responseTime\":\"468.951\"}","timestamp":"2024-11-17T12:41:29.299Z"}
{"level":"\u001b[32minfo\u001b[39m","message":"{\"method\":\"GET\",\"url\":\"/api/v1/get/problems\",\"status\":\"304\",\"responseTime\":\"108.461\"}","timestamp":"2024-11-17T12:41:29.482Z"}
{"level":"\u001b[32minfo\u001b[39m","message":"{\"method\":\"GET\",\"url\":\"/api/v1/user/get/userdetails\",\"status\":\"304\",\"responseTime\":\"210.677\"}","timestamp":"2024-11-17T12:41:29.545Z"}
{"level":"\u001b[32minfo\u001b[39m","message":"{\"method\":\"GET\",\"url\":\"/api/v1/get/problems\",\"status\":\"304\",\"responseTime\":\"106.403\"}","timestamp":"2024-11-17T12:41:29.596Z"}
{"level":"\u001b[32minfo\u001b[39m","message":"{\"method\":\"GET\",\"url\":\"/api/v1/user/get/userdetails\",\"status\":\"304\",\"responseTime\":\"170.772\"}","timestamp":"2024-11-17T12:44:55.349Z"}
{"level":"\u001b[32minfo\u001b[39m","message":"{\"method\":\"GET\",\"url\":\"/api/v1/user/get/userdetails\",\"status\":\"304\",\"responseTime\":\"202.006\"}","timestamp":"2024-11-17T12:44:55.554Z"}
{"level":"\u001b[32minfo\u001b[39m","message":"{\"method\":\"GET\",\"url\":\"/api/v1/get/problems\",\"status\":\"304\",\"responseTime\":\"107.622\"}","timestamp":"2024-11-17T12:44:55.592Z"}
{"level":"\u001b[32minfo\u001b[39m","message":"{\"method\":\"GET\",\"url\":\"/api/v1/get/problems\",\"status\":\"304\",\"responseTime\":\"110.823\"}","timestamp":"2024-11-17T12:44:55.714Z"}
{"level":"\u001b[32minfo\u001b[39m","message":"{\"method\":\"GET\",\"url\":\"/api/v1/user/get/userdetails\",\"status\":\"304\",\"responseTime\":\"201.744\"}","timestamp":"2024-11-17T12:47:23.519Z"}
{"level":"\u001b[32minfo\u001b[39m","message":"{\"method\":\"GET\",\"url\":\"/api/v1/get/problems\",\"status\":\"304\",\"responseTime\":\"86.463\"}","timestamp":"2024-11-17T12:47:23.664Z"}
{"level":"\u001b[32minfo\u001b[39m","message":"{\"method\":\"GET\",\"url\":\"/api/v1/user/get/userdetails\",\"status\":\"304\",\"responseTime\":\"206.085\"}","timestamp":"2024-11-17T12:47:23.732Z"}
{"level":"\u001b[32minfo\u001b[39m","message":"{\"method\":\"GET\",\"url\":\"/api/v1/get/problems\",\"status\":\"304\",\"responseTime\":\"93.525\"}","timestamp":"2024-11-17T12:47:23.763Z"}
{"level":"\u001b[32minfo\u001b[39m","message":"{\"method\":\"GET\",\"url\":\"/api/v1/user/get/userdetails\",\"status\":\"304\",\"responseTime\":\"352.862\"}","timestamp":"2024-11-17T12:47:34.771Z"}
{"level":"\u001b[32minfo\u001b[39m","message":"{\"method\":\"GET\",\"url\":\"/api/v1/user/get/userdetails\",\"status\":\"304\",\"responseTime\":\"195.859\"}","timestamp":"2024-11-17T12:47:34.970Z"}
{"level":"\u001b[32minfo\u001b[39m","message":"{\"method\":\"GET\",\"url\":\"/api/v1/get/problems\",\"status\":\"304\",\"responseTime\":\"81.488\"}","timestamp":"2024-11-17T12:47:35.106Z"}
{"level":"\u001b[32minfo\u001b[39m","message":"{\"method\":\"GET\",\"url\":\"/api/v1/get/problems\",\"status\":\"304\",\"responseTime\":\"96.858\"}","timestamp":"2024-11-17T12:47:35.207Z"}
{"level":"\u001b[32minfo\u001b[39m","message":"{\"method\":\"GET\",\"url\":\"/api/v1/user/get/userdetails\",\"status\":\"304\",\"responseTime\":\"176.039\"}","timestamp":"2024-11-17T12:48:02.957Z"}
{"level":"\u001b[32minfo\u001b[39m","message":"{\"method\":\"GET\",\"url\":\"/api/v1/user/get/userdetails\",\"status\":\"304\",\"responseTime\":\"190.449\"}","timestamp":"2024-11-17T12:48:03.151Z"}
{"level":"\u001b[32minfo\u001b[39m","message":"{\"method\":\"GET\",\"url\":\"/api/v1/get/problems\",\"status\":\"304\",\"responseTime\":\"112.427\"}","timestamp":"2024-11-17T12:48:03.153Z"}
{"level":"\u001b[32minfo\u001b[39m","message":"{\"method\":\"GET\",\"url\":\"/api/v1/get/problems\",\"status\":\"304\",\"responseTime\":\"88.215\"}","timestamp":"2024-11-17T12:48:03.248Z"}
{"level":"\u001b[32minfo\u001b[39m","message":"{\"method\":\"POST\",\"url\":\"/api/v1/auth/login\",\"status\":\"200\",\"responseTime\":\"492.180\"}","timestamp":"2024-11-20T01:42:27.364Z"}
{"level":"\u001b[32minfo\u001b[39m","message":"{\"method\":\"POST\",\"url\":\"/api/v1/auth/login\",\"status\":\"200\",\"responseTime\":\"543.649\"}","timestamp":"2024-11-20T05:42:45.376Z"}
{"level":"\u001b[32minfo\u001b[39m","message":"{\"method\":\"POST\",\"url\":\"/api/v1/auth/login\",\"status\":\"200\",\"responseTime\":\"998.310\"}","timestamp":"2024-11-20T05:45:26.944Z"}
{"level":"\u001b[32minfo\u001b[39m","message":"{\"method\":\"POST\",\"url\":\"/api/v1/auth/login\",\"status\":\"200\",\"responseTime\":\"685.355\"}","timestamp":"2024-11-20T05:48:02.077Z"}
{"level":"\u001b[32minfo\u001b[39m","message":"{\"method\":\"POST\",\"url\":\"/api/v1/auth/login\",\"status\":\"200\",\"responseTime\":\"473.728\"}","timestamp":"2024-11-20T05:59:01.644Z"}
{"level":"\u001b[32minfo\u001b[39m","message":"{\"method\":\"POST\",\"url\":\"/api/v1/auth/logi\",\"status\":\"404\",\"responseTime\":\"8.640\"}","timestamp":"2024-11-20T06:00:05.781Z"}
{"level":"\u001b[32minfo\u001b[39m","message":"{\"method\":\"POST\",\"url\":\"/api/v1/auth/login\",\"status\":\"400\",\"responseTime\":\"397.527\"}","timestamp":"2024-11-20T06:12:08.074Z"}
{"level":"\u001b[32minfo\u001b[39m","message":"{\"method\":\"POST\",\"url\":\"/api/v1/auth/login\",\"status\":\"400\",\"responseTime\":\"106.587\"}","timestamp":"2024-11-20T06:12:53.675Z"}
{"level":"\u001b[32minfo\u001b[39m","message":"{\"method\":\"POST\",\"url\":\"/api/v1/auth/login\",\"status\":\"400\",\"responseTime\":\"158.802\"}","timestamp":"2024-11-20T06:13:19.720Z"}
{"level":"\u001b[32minfo\u001b[39m","message":"{\"method\":\"POST\",\"url\":\"/api/v1/auth/login\",\"status\":\"400\",\"responseTime\":\"257.505\"}","timestamp":"2024-11-20T06:13:45.953Z"}
{"level":"\u001b[32minfo\u001b[39m","message":"{\"method\":\"POST\",\"url\":\"/api/v1/auth/login\",\"status\":\"400\",\"responseTime\":\"158.059\"}","timestamp":"2024-11-20T06:14:15.637Z"}
{"level":"\u001b[32minfo\u001b[39m","message":"{\"method\":\"POST\",\"url\":\"/api/v1/auth/login\",\"status\":\"400\",\"responseTime\":\"112.116\"}","timestamp":"2024-11-20T06:14:37.625Z"}
{"level":"\u001b[32minfo\u001b[39m","message":"{\"method\":\"POST\",\"url\":\"/api/v1/auth/login\",\"status\":\"400\",\"responseTime\":\"256.217\"}","timestamp":"2024-11-20T06:15:21.781Z"}
{"level":"\u001b[32minfo\u001b[39m","message":"{\"method\":\"POST\",\"url\":\"/api/v1/auth/login\",\"status\":\"400\",\"responseTime\":\"140.501\"}","timestamp":"2024-11-20T06:16:14.717Z"}
{"level":"\u001b[32minfo\u001b[39m","message":"{\"method\":\"POST\",\"url\":\"/api/v1/auth/login\",\"status\":\"200\",\"responseTime\":\"560.470\"}","timestamp":"2024-11-20T06:16:32.040Z"}
{"level":"\u001b[32minfo\u001b[39m","message":"{\"method\":\"POST\",\"url\":\"/api/v1/auth/login\",\"status\":\"200\",\"responseTime\":\"646.608\"}","timestamp":"2024-11-20T06:22:36.147Z"}
{"level":"\u001b[32minfo\u001b[39m","message":"{\"method\":\"POST\",\"url\":\"/api/v1/auth/login\",\"status\":\"400\",\"responseTime\":\"790.875\"}","timestamp":"2024-11-20T06:51:01.937Z"}
{"level":"\u001b[32minfo\u001b[39m","message":"{\"method\":\"POST\",\"url\":\"/api/v1/auth/login\",\"status\":\"400\",\"responseTime\":\"319.822\"}","timestamp":"2024-11-20T06:51:37.299Z"}
{"level":"\u001b[32minfo\u001b[39m","message":"{\"method\":\"POST\",\"url\":\"/api/v1/auth/login\",\"status\":\"400\",\"responseTime\":\"497.018\"}","timestamp":"2024-11-20T06:52:28.432Z"}
{"level":"\u001b[32minfo\u001b[39m","message":"{\"method\":\"POST\",\"url\":\"/api/v1/auth/login\",\"status\":\"400\",\"responseTime\":\"528.576\"}","timestamp":"2024-11-20T06:52:57.411Z"}
{"level":"\u001b[32minfo\u001b[39m","message":"{\"method\":\"POST\",\"url\":\"/api/v1/auth/login\",\"status\":\"400\",\"responseTime\":\"462.010\"}","timestamp":"2024-11-20T06:53:34.462Z"}
{"level":"\u001b[32minfo\u001b[39m","message":"{\"method\":\"POST\",\"url\":\"/api/v1/auth/login\",\"status\":\"400\",\"responseTime\":\"462.260\"}","timestamp":"2024-11-20T06:54:15.428Z"}
{"level":"\u001b[32minfo\u001b[39m","message":"{\"method\":\"POST\",\"url\":\"/api/v1/auth/login\",\"status\":\"400\",\"responseTime\":\"484.184\"}","timestamp":"2024-11-20T06:54:48.304Z"}
{"level":"\u001b[32minfo\u001b[39m","message":"{\"method\":\"POST\",\"url\":\"/api/v1/auth/login\",\"status\":\"400\",\"responseTime\":\"362.781\"}","timestamp":"2024-11-20T06:55:25.792Z"}
{"level":"\u001b[32minfo\u001b[39m","message":"{\"method\":\"POST\",\"url\":\"/api/v1/auth/login\",\"status\":\"400\",\"responseTime\":\"445.541\"}","timestamp":"2024-11-20T06:56:46.447Z"}
{"level":"\u001b[32minfo\u001b[39m","message":"{\"method\":\"POST\",\"url\":\"/api/v1/auth/login\",\"status\":\"400\",\"responseTime\":\"523.926\"}","timestamp":"2024-11-20T06:57:25.877Z"}
{"level":"\u001b[32minfo\u001b[39m","message":"{\"method\":\"POST\",\"url\":\"/api/v1/auth/login\",\"status\":\"400\",\"responseTime\":\"437.302\"}","timestamp":"2024-11-20T06:59:23.623Z"}
{"level":"\u001b[32minfo\u001b[39m","message":"{\"method\":\"POST\",\"url\":\"/api/v1/auth/login\",\"status\":\"400\",\"responseTime\":\"445.051\"}","timestamp":"2024-11-20T07:00:29.936Z"}
{"level":"\u001b[32minfo\u001b[39m","message":"{\"method\":\"POST\",\"url\":\"/api/v1/auth/login\",\"status\":\"400\",\"responseTime\":\"337.391\"}","timestamp":"2024-11-20T07:02:25.324Z"}
{"level":"\u001b[32minfo\u001b[39m","message":"{\"method\":\"POST\",\"url\":\"/api/v1/auth/login\",\"status\":\"400\",\"responseTime\":\"500.086\"}","timestamp":"2024-11-20T07:02:36.498Z"}
{"level":"\u001b[32minfo\u001b[39m","message":"{\"method\":\"POST\",\"url\":\"/api/v1/auth/login\",\"status\":\"400\",\"responseTime\":\"217.697\"}","timestamp":"2024-11-20T07:02:48.487Z"}
{"level":"\u001b[32minfo\u001b[39m","message":"{\"method\":\"POST\",\"url\":\"/api/v1/auth/login\",\"status\":\"200\",\"responseTime\":\"624.049\"}","timestamp":"2024-11-20T07:02:59.753Z"}
{"level":"\u001b[32minfo\u001b[39m","message":"{\"method\":\"POST\",\"url\":\"/api/v1/auth/register\",\"status\":\"200\",\"responseTime\":\"802.268\"}","timestamp":"2024-11-20T07:21:25.951Z"}
{"level":"\u001b[32minfo\u001b[39m","message":"{\"method\":\"POST\",\"url\":\"/api/v1/auth/register\",\"status\":\"200\",\"responseTime\":\"980.109\"}","timestamp":"2024-11-20T07:30:07.804Z"}
{"level":"\u001b[32minfo\u001b[39m","message":"{\"method\":\"POST\",\"url\":\"/api/v1/auth/register\",\"status\":\"200\",\"responseTime\":\"988.708\"}","timestamp":"2024-11-20T07:45:50.663Z"}
{"level":"\u001b[32minfo\u001b[39m","message":"{\"method\":\"POST\",\"url\":\"/api/v1/auth/login\",\"status\":\"200\",\"responseTime\":\"706.852\"}","timestamp":"2024-11-20T08:02:11.131Z"}
{"level":"\u001b[32minfo\u001b[39m","message":"{\"method\":\"POST\",\"url\":\"/api/v1/auth/register\",\"status\":\"400\",\"responseTime\":\"273.402\"}","timestamp":"2024-11-20T08:06:13.410Z"}
{"level":"\u001b[32minfo\u001b[39m","message":"{\"method\":\"POST\",\"url\":\"/api/v1/auth/register\",\"status\":\"200\",\"responseTime\":\"718.990\"}","timestamp":"2024-11-20T08:13:21.276Z"}
{"level":"\u001b[32minfo\u001b[39m","message":"{\"method\":\"POST\",\"url\":\"/api/v1/auth/register\",\"status\":\"200\",\"responseTime\":\"682.477\"}","timestamp":"2024-11-20T08:15:10.893Z"}
{"level":"\u001b[32minfo\u001b[39m","message":"{\"method\":\"POST\",\"url\":\"/api/v1/auth/register\",\"status\":\"200\",\"responseTime\":\"1152.992\"}","timestamp":"2024-11-20T08:24:15.554Z"}
{"level":"\u001b[32minfo\u001b[39m","message":"{\"method\":\"POST\",\"url\":\"/api/v1/auth/register\",\"status\":\"200\",\"responseTime\":\"569.628\"}","timestamp":"2024-11-20T08:28:31.164Z"}
{"level":"\u001b[32minfo\u001b[39m","message":"{\"method\":\"POST\",\"url\":\"/api/v1/auth/verify\",\"status\":\"400\",\"responseTime\":\"186.742\"}","timestamp":"2024-11-20T08:41:03.650Z"}
{"level":"\u001b[32minfo\u001b[39m","message":"{\"method\":\"POST\",\"url\":\"/api/v1/auth/verify\",\"status\":\"200\",\"responseTime\":\"236.421\"}","timestamp":"2024-11-20T08:41:57.252Z"}
{"level":"\u001b[32minfo\u001b[39m","message":"{\"method\":\"GET\",\"url\":\"/api/v1/get/problems\",\"status\":\"200\",\"responseTime\":\"1066.951\"}","timestamp":"2024-11-20T09:20:09.853Z"}
{"level":"\u001b[32minfo\u001b[39m","message":"{\"method\":\"GET\",\"url\":\"/api/v1/get/problems\",\"status\":\"200\",\"responseTime\":\"204.574\"}","timestamp":"2024-11-20T09:20:17.180Z"}
{"level":"\u001b[32minfo\u001b[39m","message":"{\"method\":\"POST\",\"url\":\"/api/v1/add/problems\",\"status\":\"401\",\"responseTime\":\"15.370\"}","timestamp":"2024-11-20T09:22:22.902Z"}
{"level":"\u001b[32minfo\u001b[39m","message":"{\"method\":\"POST\",\"url\":\"/api/v1/add/problems\",\"status\":\"201\",\"responseTime\":\"218.752\"}","timestamp":"2024-11-20T09:23:03.498Z"}
{"level":"\u001b[32minfo\u001b[39m","message":"{\"method\":\"POST\",\"url\":\"/api/v1/add/problems\",\"status\":\"201\",\"responseTime\":\"199.369\"}","timestamp":"2024-11-20T09:32:51.668Z"}
{"level":"\u001b[32minfo\u001b[39m","message":"{\"method\":\"POST\",\"url\":\"/api/v1/add/problems\",\"status\":\"201\",\"responseTime\":\"131.702\"}","timestamp":"2024-11-20T09:33:03.232Z"}
{"level":"\u001b[32minfo\u001b[39m","message":"{\"method\":\"POST\",\"url\":\"/api/v1/add/problems\",\"status\":\"201\",\"responseTime\":\"150.897\"}","timestamp":"2024-11-20T09:33:13.067Z"}
{"level":"\u001b[32minfo\u001b[39m","message":"{\"method\":\"POST\",\"url\":\"/api/v1/add/problems\",\"status\":\"201\",\"responseTime\":\"190.038\"}","timestamp":"2024-11-20T09:33:23.397Z"}
{"level":"\u001b[32minfo\u001b[39m","message":"{\"method\":\"POST\",\"url\":\"/api/v1/add/problems\",\"status\":\"201\",\"responseTime\":\"170.326\"}","timestamp":"2024-11-20T09:33:35.071Z"}
{"level":"\u001b[32minfo\u001b[39m","message":"{\"method\":\"POST\",\"url\":\"/api/v1/add/problems\",\"status\":\"201\",\"responseTime\":\"117.400\"}","timestamp":"2024-11-20T09:33:46.407Z"}
{"level":"\u001b[32minfo\u001b[39m","message":"{\"method\":\"POST\",\"url\":\"/api/v1/add/problems\",\"status\":\"201\",\"responseTime\":\"138.734\"}","timestamp":"2024-11-20T09:33:56.790Z"}
{"level":"\u001b[32minfo\u001b[39m","message":"{\"method\":\"POST\",\"url\":\"/api/v1/add/problems\",\"status\":\"201\",\"responseTime\":\"254.368\"}","timestamp":"2024-11-20T09:34:07.429Z"}
{"level":"\u001b[32minfo\u001b[39m","message":"{\"method\":\"POST\",\"url\":\"/api/v1/add/problems\",\"status\":\"201\",\"responseTime\":\"148.608\"}","timestamp":"2024-11-20T09:34:17.774Z"}
{"level":"\u001b[32minfo\u001b[39m","message":"{\"method\":\"POST\",\"url\":\"/api/v1/add/problems\",\"status\":\"201\",\"responseTime\":\"123.258\"}","timestamp":"2024-11-20T09:34:30.072Z"}
{"level":"\u001b[32minfo\u001b[39m","message":"{\"method\":\"POST\",\"url\":\"/api/v1/add/problems\",\"status\":\"201\",\"responseTime\":\"416.608\"}","timestamp":"2024-11-20T09:34:39.807Z"}
{"level":"\u001b[32minfo\u001b[39m","message":"{\"method\":\"POST\",\"url\":\"/api/v1/add/problems\",\"status\":\"201\",\"responseTime\":\"116.807\"}","timestamp":"2024-11-20T09:34:49.955Z"}
{"level":"\u001b[32minfo\u001b[39m","message":"{\"method\":\"POST\",\"url\":\"/api/v1/add/problems\",\"status\":\"201\",\"responseTime\":\"138.883\"}","timestamp":"2024-11-20T09:34:59.573Z"}
{"level":"\u001b[32minfo\u001b[39m","message":"{\"method\":\"POST\",\"url\":\"/api/v1/add/problems\",\"status\":\"201\",\"responseTime\":\"209.695\"}","timestamp":"2024-11-20T09:35:10.644Z"}
{"level":"\u001b[32minfo\u001b[39m","message":"{\"method\":\"POST\",\"url\":\"/api/v1/add/problems\",\"status\":\"201\",\"responseTime\":\"136.549\"}","timestamp":"2024-11-20T09:37:04.295Z"}
{"level":"\u001b[32minfo\u001b[39m","message":"{\"method\":\"POST\",\"url\":\"/api/v1/add/problems\",\"status\":\"201\",\"responseTime\":\"110.021\"}","timestamp":"2024-11-20T09:37:13.883Z"}
{"level":"\u001b[32minfo\u001b[39m","message":"{\"method\":\"POST\",\"url\":\"/api/v1/add/problems\",\"status\":\"201\",\"responseTime\":\"167.726\"}","timestamp":"2024-11-20T09:37:24.949Z"}
{"level":"\u001b[32minfo\u001b[39m","message":"{\"method\":\"POST\",\"url\":\"/api/v1/add/problems\",\"status\":\"201\",\"responseTime\":\"126.189\"}","timestamp":"2024-11-20T09:37:35.784Z"}
{"level":"\u001b[32minfo\u001b[39m","message":"{\"method\":\"GET\",\"url\":\"/api/v1/get/problems\",\"status\":\"200\",\"responseTime\":\"155.773\"}","timestamp":"2024-11-20T09:39:04.121Z"}
{"level":"\u001b[32minfo\u001b[39m","message":"{\"method\":\"GET\",\"url\":\"/api/v1/get/problem/673dacc336881a4ec7c70121\",\"status\":\"200\",\"responseTime\":\"273.419\"}","timestamp":"2024-11-20T10:27:11.713Z"}
{"level":"\u001b[32minfo\u001b[39m","message":"{\"method\":\"GET\",\"url\":\"/api/v1/get/problem/673dacc336881a4ec7c70121\",\"status\":\"200\",\"responseTime\":\"170.646\"}","timestamp":"2024-11-20T10:28:33.201Z"}
{"level":"\u001b[32minfo\u001b[39m","message":"{\"method\":\"GET\",\"url\":\"/api/v1/get/problem/673dacc336881a4ec7c70121\",\"status\":\"200\",\"responseTime\":\"109.544\"}","timestamp":"2024-11-20T10:29:20.110Z"}
{"level":"\u001b[32minfo\u001b[39m","message":"{\"method\":\"GET\",\"url\":\"/api/v1/get/problem/673dacc336881a4ec7c70121\",\"status\":\"200\",\"responseTime\":\"179.339\"}","timestamp":"2024-11-20T10:30:05.465Z"}
{"level":"\u001b[32minfo\u001b[39m","message":"{\"method\":\"GET\",\"url\":\"/api/v1/get/problem/673dacc336881a4ec7c70121\",\"status\":\"200\",\"responseTime\":\"564.621\"}","timestamp":"2024-11-20T10:30:52.769Z"}
{"level":"\u001b[32minfo\u001b[39m","message":"{\"method\":\"GET\",\"url\":\"/api/v1/get/problem/673dacc336881a4ec7c70121\",\"status\":\"200\",\"responseTime\":\"130.642\"}","timestamp":"2024-11-20T10:36:41.332Z"}
{"level":"\u001b[32minfo\u001b[39m","message":"{\"method\":\"POST\",\"url\":\"/api/v1/execute/problem/run-code\",\"status\":\"400\",\"responseTime\":\"9.602\"}","timestamp":"2024-11-20T10:38:19.899Z"}
{"level":"\u001b[32minfo\u001b[39m","message":"{\"method\":\"GET\",\"url\":\"/api/v1/get/problem/673dacc336881a4ec7c70121\",\"status\":\"200\",\"responseTime\":\"188.675\"}","timestamp":"2024-11-20T10:38:36.737Z"}
{"level":"\u001b[32minfo\u001b[39m","message":"{\"method\":\"POST\",\"url\":\"/api/v1/execute/problem/run-code\",\"status\":\"400\",\"responseTime\":\"3.515\"}","timestamp":"2024-11-20T10:38:40.781Z"}
{"level":"\u001b[32minfo\u001b[39m","message":"{\"method\":\"POST\",\"url\":\"/api/v1/execute/problem/run-code\",\"status\":\"400\",\"responseTime\":\"5.896\"}","timestamp":"2024-11-20T10:38:54.335Z"}
{"level":"\u001b[32minfo\u001b[39m","message":"{\"method\":\"POST\",\"url\":\"/api/v1/execute/problem/run-code\",\"status\":\"400\",\"responseTime\":\"4.355\"}","timestamp":"2024-11-20T10:40:23.772Z"}
{"level":"\u001b[32minfo\u001b[39m","message":"{\"method\":\"GET\",\"url\":\"/api/v1/get/problem/673dacc336881a4ec7c70121\",\"status\":\"200\",\"responseTime\":\"123.195\"}","timestamp":"2024-11-20T10:41:28.568Z"}
{"level":"\u001b[32minfo\u001b[39m","message":"{\"method\":\"POST\",\"url\":\"/api/v1/execute/problem/run-code\",\"status\":\"400\",\"responseTime\":\"3.716\"}","timestamp":"2024-11-20T10:41:33.239Z"}
{"level":"\u001b[32minfo\u001b[39m","message":"{\"method\":\"POST\",\"url\":\"/api/v1/execute/problem/run-code\",\"status\":\"400\",\"responseTime\":\"7.122\"}","timestamp":"2024-11-20T10:41:53.967Z"}
{"level":"\u001b[32minfo\u001b[39m","message":"{\"method\":\"POST\",\"url\":\"/api/v1/execute/problem/run-code\",\"status\":\"400\",\"responseTime\":\"16.382\"}","timestamp":"2024-11-20T10:42:35.546Z"}
{"level":"\u001b[32minfo\u001b[39m","message":"{\"method\":\"POST\",\"url\":\"/api/v1/execute/problem/run-code\",\"status\":\"400\",\"responseTime\":\"3.765\"}","timestamp":"2024-11-20T10:43:15.264Z"}
{"level":"\u001b[32minfo\u001b[39m","message":"{\"method\":\"POST\",\"url\":\"/api/v1/execute/problem/run-code\",\"status\":\"400\",\"responseTime\":\"3.325\"}","timestamp":"2024-11-20T10:43:49.239Z"}
{"level":"\u001b[32minfo\u001b[39m","message":"{\"method\":\"POST\",\"url\":\"/api/v1/execute/problem/run-code\",\"status\":\"500\",\"responseTime\":\"242.415\"}","timestamp":"2024-11-20T10:45:04.763Z"}
{"level":"\u001b[32minfo\u001b[39m","message":"{\"method\":\"POST\",\"url\":\"/api/v1/execute/problem/run-code\",\"status\":\"500\",\"responseTime\":\"334.480\"}","timestamp":"2024-11-20T10:46:39.265Z"}
{"level":"\u001b[32minfo\u001b[39m","message":"{\"method\":\"POST\",\"url\":\"/api/v1/execute/problem/run-code\",\"status\":\"200\",\"responseTime\":\"704.937\"}","timestamp":"2024-11-20T10:47:12.953Z"}
{"level":"\u001b[32minfo\u001b[39m","message":"{\"method\":\"GET\",\"url\":\"/api/v1/get/problems\",\"status\":\"200\",\"responseTime\":\"144.504\"}","timestamp":"2024-11-20T10:47:27.434Z"}
{"level":"\u001b[32minfo\u001b[39m","message":"{\"method\":\"GET\",\"url\":\"/api/v1/get/problems\",\"status\":\"200\",\"responseTime\":\"130.614\"}","timestamp":"2024-11-20T10:47:27.760Z"}
{"level":"\u001b[32minfo\u001b[39m","message":"{\"method\":\"GET\",\"url\":\"/api/v1/get/problems\",\"status\":\"200\",\"responseTime\":\"325.377\"}","timestamp":"2024-11-20T10:47:50.385Z"}
{"level":"\u001b[32minfo\u001b[39m","message":"{\"method\":\"GET\",\"url\":\"/api/v1/get/problems\",\"status\":\"200\",\"responseTime\":\"170.291\"}","timestamp":"2024-11-20T10:47:50.905Z"}
{"level":"\u001b[32minfo\u001b[39m","message":"{\"method\":\"GET\",\"url\":\"/api/v1/get/problems\",\"status\":\"200\",\"responseTime\":\"258.818\"}","timestamp":"2024-11-20T10:48:34.862Z"}
{"level":"\u001b[32minfo\u001b[39m","message":"{\"method\":\"GET\",\"url\":\"/api/v1/get/problems\",\"status\":\"200\",\"responseTime\":\"127.307\"}","timestamp":"2024-11-20T10:49:35.302Z"}
{"level":"\u001b[32minfo\u001b[39m","message":"{\"method\":\"GET\",\"url\":\"/api/v1/get/problems\",\"status\":\"200\",\"responseTime\":\"128.908\"}","timestamp":"2024-11-20T10:51:00.188Z"}
